<?xml version="1.0" encoding="UTF-8"?>
<testng-results ignored="0" total="14" passed="13" failed="1" skipped="0">
  <reporter-output>
  </reporter-output>
  <suite started-at="2024-06-02T20:45:57 IST" name="Default suite" finished-at="2024-06-02T20:46:15 IST" duration-ms="17596">
    <groups>
    </groups>
    <test started-at="2024-06-02T20:45:57 IST" name="Default test" finished-at="2024-06-02T20:46:15 IST" duration-ms="17596">
      <class name="test.SkillsTest">
        <test-method is-config="true" signature="setup()[pri:0, instance:test.SkillsTest@6c1a5b54]" started-at="2024-06-02T20:45:52 IST" name="setup" finished-at="2024-06-02T20:45:57 IST" duration-ms="5786" status="PASS">
          <reporter-output>
          </reporter-output>
        </test-method> <!-- setup -->
        <test-method signature="login_TestCase_with_Valid_Usernmae_Valid_Password()[pri:1, instance:test.SkillsTest@6c1a5b54]" started-at="2024-06-02T20:45:57 IST" name="login_TestCase_with_Valid_Usernmae_Valid_Password" finished-at="2024-06-02T20:46:02 IST" duration-ms="4776" status="PASS">
          <reporter-output>
          </reporter-output>
        </test-method> <!-- login_TestCase_with_Valid_Usernmae_Valid_Password -->
        <test-method signature="Skills_TestCase_Move_to_Skills_in_Admin_dropdown()[pri:2, instance:test.SkillsTest@6c1a5b54]" started-at="2024-06-02T20:46:02 IST" name="Skills_TestCase_Move_to_Skills_in_Admin_dropdown" finished-at="2024-06-02T20:46:06 IST" duration-ms="3504" status="PASS">
          <reporter-output>
          </reporter-output>
        </test-method> <!-- Skills_TestCase_Move_to_Skills_in_Admin_dropdown -->
        <test-method signature="Testcase_Skill_page_moving_to_iframe()[pri:3, instance:test.SkillsTest@6c1a5b54]" started-at="2024-06-02T20:46:06 IST" name="Testcase_Skill_page_moving_to_iframe" finished-at="2024-06-02T20:46:06 IST" duration-ms="80" status="PASS">
          <reporter-output>
          </reporter-output>
        </test-method> <!-- Testcase_Skill_page_moving_to_iframe -->
        <test-method signature="Testcase_validate_allcheckbox()[pri:4, instance:test.SkillsTest@6c1a5b54]" started-at="2024-06-02T20:46:06 IST" name="Testcase_validate_allcheckbox" finished-at="2024-06-02T20:46:06 IST" duration-ms="195" status="PASS">
          <reporter-output>
          </reporter-output>
        </test-method> <!-- Testcase_validate_allcheckbox -->
        <test-method signature="Validating_testcase_SearchBy_Selecting_Id()[pri:5, instance:test.SkillsTest@6c1a5b54]" started-at="2024-06-02T20:46:06 IST" name="Validating_testcase_SearchBy_Selecting_Id" finished-at="2024-06-02T20:46:06 IST" duration-ms="253" status="PASS">
          <reporter-output>
          </reporter-output>
        </test-method> <!-- Validating_testcase_SearchBy_Selecting_Id -->
        <test-method signature="Testcase_Enter_Id_SearchFor_inputbox()[pri:6, instance:test.SkillsTest@6c1a5b54]" started-at="2024-06-02T20:46:06 IST" name="Testcase_Enter_Id_SearchFor_inputbox" finished-at="2024-06-02T20:46:06 IST" duration-ms="181" status="PASS">
          <reporter-output>
          </reporter-output>
        </test-method> <!-- Testcase_Enter_Id_SearchFor_inputbox -->
        <test-method signature="Testcase_validate_search_bttn()[pri:7, instance:test.SkillsTest@6c1a5b54]" started-at="2024-06-02T20:46:07 IST" name="Testcase_validate_search_bttn" finished-at="2024-06-02T20:46:08 IST" duration-ms="1936" status="PASS">
          <reporter-output>
          </reporter-output>
        </test-method> <!-- Testcase_validate_search_bttn -->
        <test-method signature="Testcase_validate_reset_bttn()[pri:8, instance:test.SkillsTest@6c1a5b54]" started-at="2024-06-02T20:46:08 IST" name="Testcase_validate_reset_bttn" finished-at="2024-06-02T20:46:09 IST" duration-ms="165" status="PASS">
          <reporter-output>
          </reporter-output>
        </test-method> <!-- Testcase_validate_reset_bttn -->
        <test-method signature="Testcase_Validate_Add_bttn()[pri:9, instance:test.SkillsTest@6c1a5b54]" started-at="2024-06-02T20:46:09 IST" name="Testcase_Validate_Add_bttn" finished-at="2024-06-02T20:46:11 IST" duration-ms="1984" status="PASS">
          <reporter-output>
          </reporter-output>
        </test-method> <!-- Testcase_Validate_Add_bttn -->
        <test-method signature="Testcase_Entertxt_nameinputbox()[pri:10, instance:test.SkillsTest@6c1a5b54]" started-at="2024-06-02T20:46:11 IST" name="Testcase_Entertxt_nameinputbox" finished-at="2024-06-02T20:46:11 IST" duration-ms="169" status="PASS">
          <reporter-output>
          </reporter-output>
        </test-method> <!-- Testcase_Entertxt_nameinputbox -->
        <test-method signature="Testcase_Enter_Description()[pri:11, instance:test.SkillsTest@6c1a5b54]" started-at="2024-06-02T20:46:11 IST" name="Testcase_Enter_Description" finished-at="2024-06-02T20:46:11 IST" duration-ms="172" status="PASS">
          <reporter-output>
          </reporter-output>
        </test-method> <!-- Testcase_Enter_Description -->
        <test-method signature="Testcase_validate_Reset_bttn()[pri:12, instance:test.SkillsTest@6c1a5b54]" started-at="2024-06-02T20:46:11 IST" name="Testcase_validate_Reset_bttn" finished-at="2024-06-02T20:46:11 IST" duration-ms="171" status="PASS">
          <reporter-output>
          </reporter-output>
        </test-method> <!-- Testcase_validate_Reset_bttn -->
        <test-method signature="Testcase_validate_save_bttn()[pri:13, instance:test.SkillsTest@6c1a5b54]" started-at="2024-06-02T20:46:11 IST" name="Testcase_validate_save_bttn" finished-at="2024-06-02T20:46:15 IST" duration-ms="3870" status="PASS">
          <reporter-output>
          </reporter-output>
        </test-method> <!-- Testcase_validate_save_bttn -->
        <test-method signature="Validating_testcase_SearchBy_Selecting_Name()[pri:14, instance:test.SkillsTest@6c1a5b54]" started-at="2024-06-02T20:46:15 IST" name="Validating_testcase_SearchBy_Selecting_Name" finished-at="2024-06-02T20:46:15 IST" duration-ms="28" status="FAIL">
          <exception class="org.openqa.selenium.NoSuchElementException">
            <message>
              <![CDATA[no such element: Unable to locate element: {"method":"css selector","selector":"#loc_code"}
  (Session info: chrome=125.0.6422.113)
For documentation on this error, please visit: https://www.selenium.dev/documentation/webdriver/troubleshooting/errors#no-such-element-exception
Build info: version: '4.20.0', revision: '866c76ca80'
System info: os.name: 'Windows 11', os.arch: 'amd64', os.version: '10.0', java.version: '17.0.10'
Driver info: org.openqa.selenium.chrome.ChromeDriver
Command: [cc7884851a1933d6b9118cb2960a7947, findElement {value=loc_code, using=id}]
Capabilities {acceptInsecureCerts: false, browserName: chrome, browserVersion: 125.0.6422.113, chrome: {chromedriverVersion: 125.0.6422.141 (4b1e8393712..., userDataDir: C:\Users\HP\AppData\Local\T...}, fedcm:accounts: true, goog:chromeOptions: {debuggerAddress: localhost:53968}, networkConnectionEnabled: false, pageLoadStrategy: normal, platformName: windows, proxy: Proxy(), se:cdp: ws://localhost:53968/devtoo..., se:cdpVersion: 125.0.6422.113, setWindowRect: true, strictFileInteractability: false, timeouts: {implicit: 0, pageLoad: 300000, script: 30000}, unhandledPromptBehavior: dismiss and notify, webauthn:extension:credBlob: true, webauthn:extension:largeBlob: true, webauthn:extension:minPinLength: true, webauthn:extension:prf: true, webauthn:virtualAuthenticators: true}
Session ID: cc7884851a1933d6b9118cb2960a7947]]>
            </message>
            <full-stacktrace>
              <![CDATA[org.openqa.selenium.NoSuchElementException: no such element: Unable to locate element: {"method":"css selector","selector":"#loc_code"}
  (Session info: chrome=125.0.6422.113)
For documentation on this error, please visit: https://www.selenium.dev/documentation/webdriver/troubleshooting/errors#no-such-element-exception
Build info: version: '4.20.0', revision: '866c76ca80'
System info: os.name: 'Windows 11', os.arch: 'amd64', os.version: '10.0', java.version: '17.0.10'
Driver info: org.openqa.selenium.chrome.ChromeDriver
Command: [cc7884851a1933d6b9118cb2960a7947, findElement {value=loc_code, using=id}]
Capabilities {acceptInsecureCerts: false, browserName: chrome, browserVersion: 125.0.6422.113, chrome: {chromedriverVersion: 125.0.6422.141 (4b1e8393712..., userDataDir: C:\Users\HP\AppData\Local\T...}, fedcm:accounts: true, goog:chromeOptions: {debuggerAddress: localhost:53968}, networkConnectionEnabled: false, pageLoadStrategy: normal, platformName: windows, proxy: Proxy(), se:cdp: ws://localhost:53968/devtoo..., se:cdpVersion: 125.0.6422.113, setWindowRect: true, strictFileInteractability: false, timeouts: {implicit: 0, pageLoad: 300000, script: 30000}, unhandledPromptBehavior: dismiss and notify, webauthn:extension:credBlob: true, webauthn:extension:largeBlob: true, webauthn:extension:minPinLength: true, webauthn:extension:prf: true, webauthn:virtualAuthenticators: true}
Session ID: cc7884851a1933d6b9118cb2960a7947
at java.base/jdk.internal.reflect.NativeConstructorAccessorImpl.newInstance0(Native Method)
at java.base/jdk.internal.reflect.NativeConstructorAccessorImpl.newInstance(NativeConstructorAccessorImpl.java:77)
at java.base/jdk.internal.reflect.DelegatingConstructorAccessorImpl.newInstance(DelegatingConstructorAccessorImpl.java:45)
at java.base/java.lang.reflect.Constructor.newInstanceWithCaller(Constructor.java:499)
at java.base/java.lang.reflect.Constructor.newInstance(Constructor.java:480)
at org.openqa.selenium.remote.ErrorCodec.decode(ErrorCodec.java:167)
at org.openqa.selenium.remote.codec.w3c.W3CHttpResponseCodec.decode(W3CHttpResponseCodec.java:138)
at org.openqa.selenium.remote.codec.w3c.W3CHttpResponseCodec.decode(W3CHttpResponseCodec.java:50)
at org.openqa.selenium.remote.HttpCommandExecutor.execute(HttpCommandExecutor.java:190)
at org.openqa.selenium.remote.service.DriverCommandExecutor.invokeExecute(DriverCommandExecutor.java:216)
at org.openqa.selenium.remote.service.DriverCommandExecutor.execute(DriverCommandExecutor.java:174)
at org.openqa.selenium.remote.RemoteWebDriver.execute(RemoteWebDriver.java:518)
at org.openqa.selenium.remote.ElementLocation$ElementFinder$2.findElement(ElementLocation.java:165)
at org.openqa.selenium.remote.ElementLocation.findElement(ElementLocation.java:59)
at org.openqa.selenium.remote.RemoteWebDriver.findElement(RemoteWebDriver.java:355)
at org.openqa.selenium.remote.RemoteWebDriver.findElement(RemoteWebDriver.java:349)
at org.openqa.selenium.support.pagefactory.DefaultElementLocator.findElement(DefaultElementLocator.java:68)
at org.openqa.selenium.support.pagefactory.internal.LocatingElementHandler.invoke(LocatingElementHandler.java:38)
at jdk.proxy2/jdk.proxy2.$Proxy12.getTagName(Unknown Source)
at org.openqa.selenium.support.ui.Select.<init>(Select.java:43)
at pages.SkillsPage.Access_Select_Dropd_Name(SkillsPage.java:165)
at test.SkillsTest.Validating_testcase_SearchBy_Selecting_Name(SkillsTest.java:114)
at java.base/jdk.internal.reflect.NativeMethodAccessorImpl.invoke0(Native Method)
at java.base/jdk.internal.reflect.NativeMethodAccessorImpl.invoke(NativeMethodAccessorImpl.java:77)
at java.base/jdk.internal.reflect.DelegatingMethodAccessorImpl.invoke(DelegatingMethodAccessorImpl.java:43)
at java.base/java.lang.reflect.Method.invoke(Method.java:568)
at org.testng.internal.invokers.MethodInvocationHelper.invokeMethod(MethodInvocationHelper.java:139)
at org.testng.internal.invokers.TestInvoker.invokeMethod(TestInvoker.java:677)
at org.testng.internal.invokers.TestInvoker.invokeTestMethod(TestInvoker.java:221)
at org.testng.internal.invokers.MethodRunner.runInSequence(MethodRunner.java:50)
at org.testng.internal.invokers.TestInvoker$MethodInvocationAgent.invoke(TestInvoker.java:969)
at org.testng.internal.invokers.TestInvoker.invokeTestMethods(TestInvoker.java:194)
at org.testng.internal.invokers.TestMethodWorker.invokeTestMethods(TestMethodWorker.java:148)
at org.testng.internal.invokers.TestMethodWorker.run(TestMethodWorker.java:128)
at java.base/java.util.ArrayList.forEach(ArrayList.java:1511)
at org.testng.TestRunner.privateRun(TestRunner.java:829)
at org.testng.TestRunner.run(TestRunner.java:602)
at org.testng.SuiteRunner.runTest(SuiteRunner.java:437)
at org.testng.SuiteRunner.runSequentially(SuiteRunner.java:431)
at org.testng.SuiteRunner.privateRun(SuiteRunner.java:391)
at org.testng.SuiteRunner.run(SuiteRunner.java:330)
at org.testng.SuiteRunnerWorker.runSuite(SuiteRunnerWorker.java:52)
at org.testng.SuiteRunnerWorker.run(SuiteRunnerWorker.java:95)
at org.testng.TestNG.runSuitesSequentially(TestNG.java:1256)
at org.testng.TestNG.runSuitesLocally(TestNG.java:1176)
at org.testng.TestNG.runSuites(TestNG.java:1099)
at org.testng.TestNG.run(TestNG.java:1067)
at org.testng.remote.AbstractRemoteTestNG.run(AbstractRemoteTestNG.java:115)
at org.testng.remote.RemoteTestNG.initAndRun(RemoteTestNG.java:293)
at org.testng.remote.RemoteTestNG.main(RemoteTestNG.java:91)
]]>
            </full-stacktrace>
          </exception> <!-- org.openqa.selenium.NoSuchElementException -->
          <reporter-output>
          </reporter-output>
        </test-method> <!-- Validating_testcase_SearchBy_Selecting_Name -->
        <test-method is-config="true" signature="teardown()[pri:0, instance:test.SkillsTest@6c1a5b54]" started-at="2024-06-02T20:46:15 IST" name="teardown" finished-at="2024-06-02T20:46:16 IST" duration-ms="412" status="PASS">
          <reporter-output>
          </reporter-output>
        </test-method> <!-- teardown -->
      </class> <!-- test.SkillsTest -->
    </test> <!-- Default test -->
  </suite> <!-- Default suite -->
</testng-results>
